# JRE version: Java(TM) SE Runtime Environment (21.0.4+8) (build 21.0.4+8-LTS-274)
# Java VM: Java HotSpot(TM) 64-Bit Server VM (21.0.4+8-LTS-274, mixed mode, sharing, tiered, compressed oops, compressed class ptrs, g1 gc, windows-amd64)
GC Precious Log:
 CardTable entry size: 512
 Card Set container configuration: InlinePtr #cards 5 size 8 Array Of Cards #cards 12 size 40 Howl #buckets 4 coarsen threshold 1843 Howl Bitmap #cards 512 size 80 coarsen threshold 460 Card regions per heap region 1 cards per card region 2048
 CPUs: 8 total, 8 available
 Memory: 16288M
 Large Page Support: Disabled
 NUMA Support: Disabled
 Compressed Oops: Enabled (32-bit)
 Heap Region Size: 1M
 Heap Min Capacity: 256M
 Heap Initial Capacity: 256M
 Heap Max Capacity: 512M
 Pre-touch: Disabled
 Parallel Workers: 8
 Concurrent Workers: 2
 Concurrent Refinement Workers: 8
 Periodic GC: Disabled
Heap:
 garbage-first heap   total 262144K, used 204526K [0x00000000e0000000, 0x0000000100000000)
  region size 1024K, 143 young (146432K), 10 survivors (10240K)
 Metaspace       used 58899K, committed 60928K, reserved 393216K
  class space    used 8554K, committed 9536K, reserved 327680K
GC Heap History (17 events):
Event: 1.490 GC heap before
{Heap before GC invocations=0 (full 0):
 garbage-first heap   total 262144K, used 22528K [0x00000000e0000000, 0x0000000100000000)
  region size 1024K, 23 young (23552K), 0 survivors (0K)
 Metaspace       used 1110K, committed 1216K, reserved 393216K
  class space    used 78K, committed 128K, reserved 327680K
}
Event: 1.538 GC heap after
{Heap after GC invocations=1 (full 0):
 garbage-first heap   total 262144K, used 3941K [0x00000000e0000000, 0x0000000100000000)
  region size 1024K, 3 young (3072K), 3 survivors (3072K)
 Metaspace       used 1110K, committed 1216K, reserved 393216K
  class space    used 78K, committed 128K, reserved 327680K
}
Event: 3.088 GC heap before
{Heap before GC invocations=1 (full 0):
 garbage-first heap   total 262144K, used 39781K [0x00000000e0000000, 0x0000000100000000)
  region size 1024K, 35 young (35840K), 3 survivors (3072K)
 Metaspace       used 4421K, committed 4608K, reserved 393216K
  class space    used 541K, committed 640K, reserved 327680K
}
Event: 3.093 GC heap after
{Heap after GC invocations=2 (full 0):
 garbage-first heap   total 262144K, used 12000K [0x00000000e0000000, 0x0000000100000000)
  region size 1024K, 4 young (4096K), 4 survivors (4096K)
 Metaspace       used 4421K, committed 4608K, reserved 393216K
  class space    used 541K, committed 640K, reserved 327680K
}
Event: 5.254 GC heap before
{Heap before GC invocations=2 (full 0):
 garbage-first heap   total 262144K, used 70368K [0x00000000e0000000, 0x0000000100000000)
  region size 1024K, 59 young (60416K), 4 survivors (4096K)
 Metaspace       used 7405K, committed 7680K, reserved 393216K
  class space    used 967K, committed 1088K, reserved 327680K
}
Event: 5.264 GC heap after
{Heap after GC invocations=3 (full 0):
 garbage-first heap   total 262144K, used 19131K [0x00000000e0000000, 0x0000000100000000)
  region size 1024K, 8 young (8192K), 8 survivors (8192K)
 Metaspace       used 7405K, committed 7680K, reserved 393216K
  class space    used 967K, committed 1088K, reserved 327680K
}
Event: 12.702 GC heap before
{Heap before GC invocations=3 (full 0):
 garbage-first heap   total 262144K, used 96955K [0x00000000e0000000, 0x0000000100000000)
  region size 1024K, 85 young (87040K), 8 survivors (8192K)
 Metaspace       used 20907K, committed 21504K, reserved 393216K
  class space    used 2991K, committed 3264K, reserved 327680K
}
Event: 12.717 GC heap after
{Heap after GC invocations=4 (full 0):
 garbage-first heap   total 262144K, used 25275K [0x00000000e0000000, 0x0000000100000000)
  region size 1024K, 14 young (14336K), 14 survivors (14336K)
 Metaspace       used 20907K, committed 21504K, reserved 393216K
  class space    used 2991K, committed 3264K, reserved 327680K
}
Event: 22.636 GC heap before
{Heap before GC invocations=5 (full 0):
 garbage-first heap   total 262144K, used 140987K [0x00000000e0000000, 0x0000000100000000)
  region size 1024K, 118 young (120832K), 14 survivors (14336K)
 Metaspace       used 34607K, committed 35968K, reserved 393216K
  class space    used 5139K, committed 5824K, reserved 327680K
}
Event: 22.659 GC heap after
{Heap after GC invocations=6 (full 0):
 garbage-first heap   total 262144K, used 44792K [0x00000000e0000000, 0x0000000100000000)
  region size 1024K, 19 young (19456K), 19 survivors (19456K)
 Metaspace       used 34607K, committed 35968K, reserved 393216K
  class space    used 5139K, committed 5824K, reserved 327680K
}
Event: 22.670 GC heap before
{Heap before GC invocations=6 (full 0):
 garbage-first heap   total 262144K, used 44792K [0x00000000e0000000, 0x0000000100000000)
  region size 1024K, 20 young (20480K), 19 survivors (19456K)
 Metaspace       used 34918K, committed 36288K, reserved 393216K
  class space    used 5184K, committed 5888K, reserved 327680K
}
Event: 22.692 GC heap after
{Heap after GC invocations=7 (full 0):
 garbage-first heap   total 262144K, used 44284K [0x00000000e0000000, 0x0000000100000000)
  region size 1024K, 9 young (9216K), 9 survivors (9216K)
 Metaspace       used 34918K, committed 36288K, reserved 393216K
  class space    used 5184K, committed 5888K, reserved 327680K
}
Event: 22.726 GC heap before
{Heap before GC invocations=7 (full 0):
 garbage-first heap   total 262144K, used 44284K [0x00000000e0000000, 0x0000000100000000)
  region size 1024K, 10 young (10240K), 9 survivors (9216K)
 Metaspace       used 35333K, committed 36608K, reserved 393216K
  class space    used 5231K, committed 5888K, reserved 327680K
}
Event: 22.735 GC heap after
{Heap after GC invocations=8 (full 0):
 garbage-first heap   total 262144K, used 43881K [0x00000000e0000000, 0x0000000100000000)
  region size 1024K, 9 young (9216K), 9 survivors (9216K)
 Metaspace       used 35333K, committed 36608K, reserved 393216K
  class space    used 5231K, committed 5888K, reserved 327680K
}
Event: 39.856 GC heap before
{Heap before GC invocations=9 (full 0):
 garbage-first heap   total 262144K, used 209769K [0x00000000e0000000, 0x0000000100000000)
  region size 1024K, 153 young (156672K), 9 survivors (9216K)
 Metaspace       used 49749K, committed 51456K, reserved 393216K
  class space    used 7077K, committed 7936K, reserved 327680K
}
Event: 39.876 GC heap after
{Heap after GC invocations=10 (full 0):
 garbage-first heap   total 262144K, used 68334K [0x00000000e0000000, 0x0000000100000000)
  region size 1024K, 20 young (20480K), 20 survivors (20480K)
 Metaspace       used 49749K, committed 51456K, reserved 393216K
  class space    used 7077K, committed 7936K, reserved 327680K
}
Event: 50.563 GC heap before
{Heap before GC invocations=10 (full 0):
 garbage-first heap   total 262144K, used 204526K [0x00000000e0000000, 0x0000000100000000)
  region size 1024K, 153 young (156672K), 20 survivors (20480K)
 Metaspace       used 58899K, committed 60928K, reserved 393216K
  class space    used 8554K, committed 9536K, reserved 327680K
}

