# JRE version: Java(TM) SE Runtime Environment (21.0.4+8) (build 21.0.4+8-LTS-274)
# Java VM: Java HotSpot(TM) 64-Bit Server VM (21.0.4+8-LTS-274, mixed mode, emulated-client, sharing, tiered, compressed oops, compressed class ptrs, g1 gc, windows-amd64)
GC Precious Log:
 CardTable entry size: 512
 Card Set container configuration: InlinePtr #cards 4 size 8 Array Of Cards #cards 16 size 48 Howl #buckets 8 coarsen threshold 3686 Howl Bitmap #cards 512 size 80 coarsen threshold 460 Card regions per heap region 1 cards per card region 4096
 CPUs: 8 total, 8 available
 Memory: 16288M
 Large Page Support: Disabled
 NUMA Support: Disabled
 Compressed Oops: Enabled (Zero based)
 Heap Region Size: 2M
 Heap Min Capacity: 8M
 Heap Initial Capacity: 256M
 Heap Max Capacity: 4074M
 Pre-touch: Disabled
 Parallel Workers: 8
 Concurrent Workers: 2
 Concurrent Refinement Workers: 8
 Periodic GC: Disabled
Heap:
 garbage-first heap   total 81920K, used 64900K [0x0000000701600000, 0x0000000800000000)
  region size 2048K, 24 young (49152K), 3 survivors (6144K)
 Metaspace       used 41207K, committed 41856K, reserved 1114112K
  class space    used 5717K, committed 6016K, reserved 1048576K
GC Heap History (17 events):
Event: 0.966 GC heap before
{Heap before GC invocations=0 (full 0):
 garbage-first heap   total 262144K, used 20480K [0x0000000701600000, 0x0000000800000000)
  region size 2048K, 11 young (22528K), 0 survivors (0K)
 Metaspace       used 5769K, committed 6016K, reserved 1114112K
  class space    used 663K, committed 768K, reserved 1048576K
}
Event: 0.973 GC heap after
{Heap after GC invocations=1 (full 0):
 garbage-first heap   total 262144K, used 7247K [0x0000000701600000, 0x0000000800000000)
  region size 2048K, 2 young (4096K), 2 survivors (4096K)
 Metaspace       used 5769K, committed 6016K, reserved 1114112K
  class space    used 663K, committed 768K, reserved 1048576K
}
Event: 1.623 GC heap before
{Heap before GC invocations=1 (full 0):
 garbage-first heap   total 262144K, used 31823K [0x0000000701600000, 0x0000000800000000)
  region size 2048K, 14 young (28672K), 2 survivors (4096K)
 Metaspace       used 11503K, committed 11840K, reserved 1114112K
  class space    used 1506K, committed 1664K, reserved 1048576K
}
Event: 1.629 GC heap after
{Heap after GC invocations=2 (full 0):
 garbage-first heap   total 262144K, used 10043K [0x0000000701600000, 0x0000000800000000)
  region size 2048K, 2 young (4096K), 2 survivors (4096K)
 Metaspace       used 11503K, committed 11840K, reserved 1114112K
  class space    used 1506K, committed 1664K, reserved 1048576K
}
Event: 3.943 GC heap before
{Heap before GC invocations=2 (full 0):
 garbage-first heap   total 262144K, used 57147K [0x0000000701600000, 0x0000000800000000)
  region size 2048K, 26 young (53248K), 2 survivors (4096K)
 Metaspace       used 21140K, committed 21504K, reserved 1114112K
  class space    used 2758K, committed 2944K, reserved 1048576K
}
Event: 3.950 GC heap after
{Heap after GC invocations=3 (full 0):
 garbage-first heap   total 262144K, used 13166K [0x0000000701600000, 0x0000000800000000)
  region size 2048K, 3 young (6144K), 3 survivors (6144K)
 Metaspace       used 21140K, committed 21504K, reserved 1114112K
  class space    used 2758K, committed 2944K, reserved 1048576K
}
Event: 4.477 GC heap before
{Heap before GC invocations=4 (full 0):
 garbage-first heap   total 61440K, used 43886K [0x0000000701600000, 0x0000000800000000)
  region size 2048K, 18 young (36864K), 3 survivors (6144K)
 Metaspace       used 24426K, committed 24832K, reserved 1114112K
  class space    used 3200K, committed 3392K, reserved 1048576K
}
Event: 4.486 GC heap after
{Heap after GC invocations=5 (full 0):
 garbage-first heap   total 61440K, used 15907K [0x0000000701600000, 0x0000000800000000)
  region size 2048K, 3 young (6144K), 3 survivors (6144K)
 Metaspace       used 24426K, committed 24832K, reserved 1114112K
  class space    used 3200K, committed 3392K, reserved 1048576K
}
Event: 4.905 GC heap before
{Heap before GC invocations=5 (full 0):
 garbage-first heap   total 61440K, used 44579K [0x0000000701600000, 0x0000000800000000)
  region size 2048K, 17 young (34816K), 3 survivors (6144K)
 Metaspace       used 26193K, committed 26624K, reserved 1114112K
  class space    used 3466K, committed 3648K, reserved 1048576K
}
Event: 4.915 GC heap after
{Heap after GC invocations=6 (full 0):
 garbage-first heap   total 61440K, used 16625K [0x0000000701600000, 0x0000000800000000)
  region size 2048K, 2 young (4096K), 2 survivors (4096K)
 Metaspace       used 26193K, committed 26624K, reserved 1114112K
  class space    used 3466K, committed 3648K, reserved 1048576K
}
Event: 5.515 GC heap before
{Heap before GC invocations=6 (full 0):
 garbage-first heap   total 61440K, used 47345K [0x0000000701600000, 0x0000000800000000)
  region size 2048K, 17 young (34816K), 2 survivors (4096K)
 Metaspace       used 29803K, committed 30272K, reserved 1114112K
  class space    used 4022K, committed 4224K, reserved 1048576K
}
Event: 5.524 GC heap after
{Heap after GC invocations=7 (full 0):
 garbage-first heap   total 61440K, used 19246K [0x0000000701600000, 0x0000000800000000)
  region size 2048K, 3 young (6144K), 3 survivors (6144K)
 Metaspace       used 29803K, committed 30272K, reserved 1114112K
  class space    used 4022K, committed 4224K, reserved 1048576K
}
Event: 6.048 GC heap before
{Heap before GC invocations=7 (full 0):
 garbage-first heap   total 61440K, used 47918K [0x0000000701600000, 0x0000000800000000)
  region size 2048K, 18 young (36864K), 3 survivors (6144K)
 Metaspace       used 33282K, committed 33856K, reserved 1114112K
  class space    used 4522K, committed 4800K, reserved 1048576K
}
Event: 6.062 GC heap after
{Heap after GC invocations=8 (full 0):
 garbage-first heap   total 161792K, used 21260K [0x0000000701600000, 0x0000000800000000)
  region size 2048K, 3 young (6144K), 3 survivors (6144K)
 Metaspace       used 33282K, committed 33856K, reserved 1114112K
  class space    used 4522K, committed 4800K, reserved 1048576K
}
Event: 6.448 GC heap before
{Heap before GC invocations=8 (full 0):
 garbage-first heap   total 161792K, used 47884K [0x0000000701600000, 0x0000000800000000)
  region size 2048K, 17 young (34816K), 3 survivors (6144K)
 Metaspace       used 35507K, committed 36096K, reserved 1114112K
  class space    used 4849K, committed 5120K, reserved 1048576K
}
Event: 6.457 GC heap after
{Heap after GC invocations=9 (full 0):
 garbage-first heap   total 161792K, used 21892K [0x0000000701600000, 0x0000000800000000)
  region size 2048K, 3 young (6144K), 3 survivors (6144K)
 Metaspace       used 35507K, committed 36096K, reserved 1114112K
  class space    used 4849K, committed 5120K, reserved 1048576K
}
Event: 7.218 GC heap before
{Heap before GC invocations=10 (full 0):
 garbage-first heap   total 81920K, used 64900K [0x0000000701600000, 0x0000000800000000)
  region size 2048K, 24 young (49152K), 3 survivors (6144K)
 Metaspace       used 41207K, committed 41856K, reserved 1114112K
  class space    used 5717K, committed 6016K, reserved 1048576K
}

